Using pre-set license
Built from '2020.3/china_unity/release' branch; Version is '2020.3.5f1c1 (548653c6c3de) revision 5539411'; Using compiler version '192528614'; Build Type 'Release'
OS: 'Windows 10 Home China; OS build 19042.1110; Version 2009; 64bit' Language: 'zh' Physical Memory: 16146 MB
BatchMode: 1, IsHumanControllingUs: 0, StartBugReporterOnCrash: 0, Is64bit: 1, IsPro: 0

 COMMAND LINE ARGUMENTS:
D:\2020.3.5f1c1\Editor\Unity.exe
-adb2
-batchMode
-noUpm
-name
AssetImportWorker0
-projectPath
D:/Github_personal_file/arduino_bluetooth_app/Arduino_Bluetooth_Demo
-logFile
Logs/AssetImportWorker0.log
-srvPort
57715
Successfully changed project path to: D:/Github_personal_file/arduino_bluetooth_app/Arduino_Bluetooth_Demo
D:/Github_personal_file/arduino_bluetooth_app/Arduino_Bluetooth_Demo
Using Asset Import Pipeline V2.
Refreshing native plugins compatible for Editor in 47.45 ms, found 1 plugins.
Preloading 0 native plugins for Editor in 0.00 ms.
Initialize engine version: 2020.3.5f1c1 (548653c6c3de)
[Subsystems] Discovering subsystems at path D:/2020.3.5f1c1/Editor/Data/Resources/UnitySubsystems
[Subsystems] Discovering subsystems at path D:/Github_personal_file/arduino_bluetooth_app/Arduino_Bluetooth_Demo/Assets
GfxDevice: creating device client; threaded=0
Direct3D:
    Version:  Direct3D 11.0 [level 11.1]
    Renderer: NVIDIA GeForce RTX 3070 Laptop GPU (ID=0x24dd)
    Vendor:   
    VRAM:     8044 MB
    Driver:   27.21.14.6642
Initialize mono
Mono path[0] = 'D:/2020.3.5f1c1/Editor/Data/Managed'
Mono path[1] = 'D:/2020.3.5f1c1/Editor/Data/MonoBleedingEdge/lib/mono/unityjit'
Mono config path = 'D:/2020.3.5f1c1/Editor/Data/MonoBleedingEdge/etc'
Using monoOptions --debugger-agent=transport=dt_socket,embedding=1,server=y,suspend=n,address=127.0.0.1:56776
Begin MonoManager ReloadAssembly
Registering precompiled unity dll's ...
Register platform support module: D:/2020.3.5f1c1/Editor/Data/PlaybackEngines/MacStandaloneSupport/UnityEditor.OSXStandalone.Extensions.dll
Register platform support module: D:/2020.3.5f1c1/Editor/Data/PlaybackEngines/WindowsStandaloneSupport/UnityEditor.WindowsStandalone.Extensions.dll
Registered in 0.001558 seconds.
Native extension for WindowsStandalone target not found
Native extension for OSXStandalone target not found
Refreshing native plugins compatible for Editor in 46.53 ms, found 1 plugins.
Preloading 0 native plugins for Editor in 0.00 ms.
Mono: successfully reloaded assembly
- Completed reload, in  2.247 seconds
Platform modules already initialized, skipping
Registering precompiled user dll's ...
Registered in 0.005552 seconds.
Begin MonoManager ReloadAssembly
Native extension for WindowsStandalone target not found
Native extension for OSXStandalone target not found
Refreshing native plugins compatible for Editor in 42.31 ms, found 1 plugins.
Preloading 0 native plugins for Editor in 0.00 ms.
Mono: successfully reloaded assembly
- Completed reload, in  1.007 seconds
Platform modules already initialized, skipping
========================================================================
Worker process is ready to serve import requests
Launched and connected shader compiler UnityShaderCompiler.exe after 0.05 seconds
Refreshing native plugins compatible for Editor in 0.83 ms, found 1 plugins.
Preloading 0 native plugins for Editor in 0.00 ms.
Unloading 2089 Unused Serialized files (Serialized files now loaded: 0)
System memory in use before: 95.6 MB.
System memory in use after: 95.7 MB.

Unloading 31 unused Assets to reduce memory usage. Loaded Objects now: 2529.
Total: 2.172800 ms (FindLiveObjects: 0.236600 ms CreateObjectMapping: 0.098800 ms MarkObjects: 1.769000 ms  DeleteObjects: 0.067000 ms)

========================================================================
Received Import Request.
  path: Assets/script/Bluetooth_Connection.cs
  artifactKey: Guid(e9fc5d11b046fd347944003a385688f5) Importer(815301076,1909f56bfc062723c751e8b465ee728b)
Start importing Assets/script/Bluetooth_Connection.cs using Guid(e9fc5d11b046fd347944003a385688f5) Importer(815301076,1909f56bfc062723c751e8b465ee728b)  -> (artifact id: 'abb2dc6e908840b573743705d8933017') in 0.029120 seconds
  Import took 0.032338 seconds .

========================================================================
Received Prepare
Registering precompiled user dll's ...
Registered in 0.005103 seconds.
Begin MonoManager ReloadAssembly
Native extension for WindowsStandalone target not found
Native extension for OSXStandalone target not found
Refreshing native plugins compatible for Editor in 0.42 ms, found 1 plugins.
Preloading 0 native plugins for Editor in 0.00 ms.
Mono: successfully reloaded assembly
- Completed reload, in  0.916 seconds
Platform modules already initialized, skipping
Refreshing native plugins compatible for Editor in 0.42 ms, found 1 plugins.
Preloading 0 native plugins for Editor in 0.00 ms.
Unloading 2079 Unused Serialized files (Serialized files now loaded: 0)
System memory in use before: 95.1 MB.
System memory in use after: 95.2 MB.

Unloading 19 unused Assets to reduce memory usage. Loaded Objects now: 2533.
Total: 1.916700 ms (FindLiveObjects: 0.170600 ms CreateObjectMapping: 0.071200 ms MarkObjects: 1.653100 ms  DeleteObjects: 0.020900 ms)

========================================================================
Received Import Request.
  Time since last request: 281.484472 seconds.
  path: Assets/BluetoothAPI/Samples/BLE/BLE.cs
  artifactKey: Guid(d339451d6cf904f85871eebb23b022db) Importer(815301076,1909f56bfc062723c751e8b465ee728b)
Start importing Assets/BluetoothAPI/Samples/BLE/BLE.cs using Guid(d339451d6cf904f85871eebb23b022db) Importer(815301076,1909f56bfc062723c751e8b465ee728b)  -> (artifact id: 'cf252c3d04625442458d2de628f63270') in 0.005421 seconds
  Import took 0.008234 seconds .

========================================================================
Received Prepare
Registering precompiled user dll's ...
Registered in 0.005986 seconds.
Begin MonoManager ReloadAssembly
Native extension for WindowsStandalone target not found
Native extension for OSXStandalone target not found
Refreshing native plugins compatible for Editor in 0.42 ms, found 1 plugins.
Preloading 0 native plugins for Editor in 0.00 ms.
Mono: successfully reloaded assembly
- Completed reload, in  0.943 seconds
Platform modules already initialized, skipping
Refreshing native plugins compatible for Editor in 0.40 ms, found 1 plugins.
Preloading 0 native plugins for Editor in 0.00 ms.
Unloading 2079 Unused Serialized files (Serialized files now loaded: 0)
System memory in use before: 95.1 MB.
System memory in use after: 95.2 MB.

Unloading 19 unused Assets to reduce memory usage. Loaded Objects now: 2537.
Total: 1.777800 ms (FindLiveObjects: 0.166800 ms CreateObjectMapping: 0.067100 ms MarkObjects: 1.528100 ms  DeleteObjects: 0.014900 ms)

========================================================================
Received Import Request.
  Time since last request: 1734.782109 seconds.
  path: Assets/BluetoothAPI/Samples/2 Scenes/Scene1.cs
  artifactKey: Guid(f5ff52e9d20a945bbad991d34fa7cf44) Importer(815301076,1909f56bfc062723c751e8b465ee728b)
Start importing Assets/BluetoothAPI/Samples/2 Scenes/Scene1.cs using Guid(f5ff52e9d20a945bbad991d34fa7cf44) Importer(815301076,1909f56bfc062723c751e8b465ee728b)  -> (artifact id: 'caf8018507c206ba0263232f7be9f9d9') in 0.008283 seconds
  Import took 0.012219 seconds .

========================================================================
Received Import Request.
  Time since last request: 0.000680 seconds.
  path: Assets/BluetoothAPI/Samples/2 Scenes/Scene1.cs
  artifactKey: Guid(f5ff52e9d20a945bbad991d34fa7cf44) Importer(815301076,1909f56bfc062723c751e8b465ee728b)
Start importing Assets/BluetoothAPI/Samples/2 Scenes/Scene1.cs using Guid(f5ff52e9d20a945bbad991d34fa7cf44) Importer(815301076,1909f56bfc062723c751e8b465ee728b)  -> (artifact id: 'caf8018507c206ba0263232f7be9f9d9') in 0.003766 seconds
  Import took 0.006852 seconds .

========================================================================
Received Prepare
Registering precompiled user dll's ...
Registered in 0.005774 seconds.
Begin MonoManager ReloadAssembly
Native extension for WindowsStandalone target not found
Native extension for OSXStandalone target not found
Refreshing native plugins compatible for Editor in 0.45 ms, found 1 plugins.
Preloading 0 native plugins for Editor in 0.00 ms.
Mono: successfully reloaded assembly
- Completed reload, in  0.953 seconds
Platform modules already initialized, skipping
Refreshing native plugins compatible for Editor in 0.43 ms, found 1 plugins.
Preloading 0 native plugins for Editor in 0.00 ms.
Unloading 2079 Unused Serialized files (Serialized files now loaded: 0)
System memory in use before: 95.1 MB.
System memory in use after: 95.2 MB.

Unloading 19 unused Assets to reduce memory usage. Loaded Objects now: 2541.
Total: 2.905700 ms (FindLiveObjects: 0.325400 ms CreateObjectMapping: 0.456600 ms MarkObjects: 2.103100 ms  DeleteObjects: 0.019600 ms)

========================================================================
Received Prepare
Registering precompiled user dll's ...
Registered in 0.005784 seconds.
Begin MonoManager ReloadAssembly
Native extension for WindowsStandalone target not found
Native extension for OSXStandalone target not found
Refreshing native plugins compatible for Editor in 0.41 ms, found 1 plugins.
Preloading 0 native plugins for Editor in 0.00 ms.
Mono: successfully reloaded assembly
- Completed reload, in  0.919 seconds
Platform modules already initialized, skipping
Refreshing native plugins compatible for Editor in 0.41 ms, found 1 plugins.
Preloading 0 native plugins for Editor in 0.00 ms.
Unloading 2079 Unused Serialized files (Serialized files now loaded: 0)
System memory in use before: 95.1 MB.
System memory in use after: 95.3 MB.

Unloading 19 unused Assets to reduce memory usage. Loaded Objects now: 2545.
Total: 1.954300 ms (FindLiveObjects: 0.187500 ms CreateObjectMapping: 0.076100 ms MarkObjects: 1.673200 ms  DeleteObjects: 0.016400 ms)

========================================================================
Received Prepare
Registering precompiled user dll's ...
Registered in 0.005100 seconds.
Begin MonoManager ReloadAssembly
Native extension for WindowsStandalone target not found
Native extension for OSXStandalone target not found
Refreshing native plugins compatible for Editor in 0.46 ms, found 1 plugins.
Preloading 0 native plugins for Editor in 0.00 ms.
Mono: successfully reloaded assembly
- Completed reload, in  0.921 seconds
Platform modules already initialized, skipping
Refreshing native plugins compatible for Editor in 0.48 ms, found 1 plugins.
Preloading 0 native plugins for Editor in 0.00 ms.
Unloading 2079 Unused Serialized files (Serialized files now loaded: 0)
System memory in use before: 95.2 MB.
System memory in use after: 95.3 MB.

Unloading 19 unused Assets to reduce memory usage. Loaded Objects now: 2549.
Total: 1.844800 ms (FindLiveObjects: 0.202600 ms CreateObjectMapping: 0.087000 ms MarkObjects: 1.540700 ms  DeleteObjects: 0.013600 ms)

========================================================================
Received Prepare
Registering precompiled user dll's ...
Registered in 0.006238 seconds.
Begin MonoManager ReloadAssembly
Native extension for WindowsStandalone target not found
Native extension for OSXStandalone target not found
Refreshing native plugins compatible for Editor in 0.47 ms, found 1 plugins.
Preloading 0 native plugins for Editor in 0.00 ms.
Mono: successfully reloaded assembly
- Completed reload, in  0.926 seconds
Platform modules already initialized, skipping
Refreshing native plugins compatible for Editor in 0.42 ms, found 1 plugins.
Preloading 0 native plugins for Editor in 0.00 ms.
Unloading 2079 Unused Serialized files (Serialized files now loaded: 0)
System memory in use before: 95.2 MB.
System memory in use after: 95.3 MB.

Unloading 19 unused Assets to reduce memory usage. Loaded Objects now: 2553.
Total: 2.111800 ms (FindLiveObjects: 0.288600 ms CreateObjectMapping: 0.116900 ms MarkObjects: 1.652900 ms  DeleteObjects: 0.052400 ms)

========================================================================
Received Prepare
Registering precompiled user dll's ...
Registered in 0.005204 seconds.
Begin MonoManager ReloadAssembly
Native extension for WindowsStandalone target not found
Native extension for OSXStandalone target not found
Refreshing native plugins compatible for Editor in 0.45 ms, found 1 plugins.
Preloading 0 native plugins for Editor in 0.00 ms.
Mono: successfully reloaded assembly
- Completed reload, in  0.946 seconds
Platform modules already initialized, skipping
Refreshing native plugins compatible for Editor in 0.40 ms, found 1 plugins.
Preloading 0 native plugins for Editor in 0.00 ms.
Unloading 2079 Unused Serialized files (Serialized files now loaded: 0)
System memory in use before: 95.2 MB.
System memory in use after: 95.3 MB.

Unloading 19 unused Assets to reduce memory usage. Loaded Objects now: 2557.
Total: 2.058200 ms (FindLiveObjects: 0.181900 ms CreateObjectMapping: 0.071400 ms MarkObjects: 1.788800 ms  DeleteObjects: 0.015300 ms)

========================================================================
Received Prepare
Registering precompiled user dll's ...
Registered in 0.005176 seconds.
Begin MonoManager ReloadAssembly
Native extension for WindowsStandalone target not found
Native extension for OSXStandalone target not found
Refreshing native plugins compatible for Editor in 0.42 ms, found 1 plugins.
Preloading 0 native plugins for Editor in 0.00 ms.
Mono: successfully reloaded assembly
- Completed reload, in  0.928 seconds
Platform modules already initialized, skipping
Refreshing native plugins compatible for Editor in 0.40 ms, found 1 plugins.
Preloading 0 native plugins for Editor in 0.00 ms.
Unloading 2079 Unused Serialized files (Serialized files now loaded: 0)
System memory in use before: 95.2 MB.
System memory in use after: 95.3 MB.

Unloading 19 unused Assets to reduce memory usage. Loaded Objects now: 2561.
Total: 2.001300 ms (FindLiveObjects: 0.192000 ms CreateObjectMapping: 0.074700 ms MarkObjects: 1.719900 ms  DeleteObjects: 0.014000 ms)

========================================================================
Received Prepare
Registering precompiled user dll's ...
Registered in 0.005477 seconds.
Begin MonoManager ReloadAssembly
Native extension for WindowsStandalone target not found
Native extension for OSXStandalone target not found
Refreshing native plugins compatible for Editor in 0.75 ms, found 1 plugins.
Preloading 0 native plugins for Editor in 0.00 ms.
Mono: successfully reloaded assembly
- Completed reload, in  0.908 seconds
Platform modules already initialized, skipping
Refreshing native plugins compatible for Editor in 0.41 ms, found 1 plugins.
Preloading 0 native plugins for Editor in 0.00 ms.
Unloading 2079 Unused Serialized files (Serialized files now loaded: 0)
System memory in use before: 95.2 MB.
System memory in use after: 95.3 MB.

Unloading 19 unused Assets to reduce memory usage. Loaded Objects now: 2565.
Total: 2.164300 ms (FindLiveObjects: 0.257900 ms CreateObjectMapping: 0.087700 ms MarkObjects: 1.716900 ms  DeleteObjects: 0.101200 ms)

========================================================================
Received Prepare
Registering precompiled user dll's ...
Registered in 0.005234 seconds.
Begin MonoManager ReloadAssembly
Native extension for WindowsStandalone target not found
Native extension for OSXStandalone target not found
Refreshing native plugins compatible for Editor in 0.50 ms, found 1 plugins.
Preloading 0 native plugins for Editor in 0.00 ms.
Mono: successfully reloaded assembly
- Completed reload, in  0.930 seconds
Platform modules already initialized, skipping
Refreshing native plugins compatible for Editor in 0.40 ms, found 1 plugins.
Preloading 0 native plugins for Editor in 0.00 ms.
Unloading 2079 Unused Serialized files (Serialized files now loaded: 0)
System memory in use before: 95.2 MB.
System memory in use after: 95.3 MB.

Unloading 19 unused Assets to reduce memory usage. Loaded Objects now: 2569.
Total: 2.009300 ms (FindLiveObjects: 0.186500 ms CreateObjectMapping: 0.073800 ms MarkObjects: 1.668000 ms  DeleteObjects: 0.079900 ms)

========================================================================
Received Prepare
Registering precompiled user dll's ...
Registered in 0.006887 seconds.
Begin MonoManager ReloadAssembly
Native extension for WindowsStandalone target not found
Native extension for OSXStandalone target not found
Refreshing native plugins compatible for Editor in 0.44 ms, found 1 plugins.
Preloading 0 native plugins for Editor in 0.00 ms.
Mono: successfully reloaded assembly
- Completed reload, in  0.938 seconds
Platform modules already initialized, skipping
Refreshing native plugins compatible for Editor in 0.41 ms, found 1 plugins.
Preloading 0 native plugins for Editor in 0.00 ms.
Unloading 2079 Unused Serialized files (Serialized files now loaded: 0)
System memory in use before: 95.2 MB.
System memory in use after: 95.3 MB.

Unloading 19 unused Assets to reduce memory usage. Loaded Objects now: 2573.
Total: 2.085400 ms (FindLiveObjects: 0.336600 ms CreateObjectMapping: 0.121900 ms MarkObjects: 1.587700 ms  DeleteObjects: 0.037900 ms)

========================================================================
Received Prepare
Registering precompiled user dll's ...
Registered in 0.005654 seconds.
Begin MonoManager ReloadAssembly
Native extension for WindowsStandalone target not found
Native extension for OSXStandalone target not found
Refreshing native plugins compatible for Editor in 0.52 ms, found 1 plugins.
Preloading 0 native plugins for Editor in 0.00 ms.
Mono: successfully reloaded assembly
- Completed reload, in  0.915 seconds
Platform modules already initialized, skipping
Refreshing native plugins compatible for Editor in 0.41 ms, found 1 plugins.
Preloading 0 native plugins for Editor in 0.00 ms.
Unloading 2079 Unused Serialized files (Serialized files now loaded: 0)
System memory in use before: 95.2 MB.
System memory in use after: 95.3 MB.

Unloading 19 unused Assets to reduce memory usage. Loaded Objects now: 2577.
Total: 1.914400 ms (FindLiveObjects: 0.203800 ms CreateObjectMapping: 0.088300 ms MarkObjects: 1.607000 ms  DeleteObjects: 0.014300 ms)

========================================================================
Received Prepare
Registering precompiled user dll's ...
Registered in 0.005686 seconds.
Begin MonoManager ReloadAssembly
Native extension for WindowsStandalone target not found
Native extension for OSXStandalone target not found
Refreshing native plugins compatible for Editor in 0.40 ms, found 1 plugins.
Preloading 0 native plugins for Editor in 0.00 ms.
Mono: successfully reloaded assembly
- Completed reload, in  0.935 seconds
Platform modules already initialized, skipping
Refreshing native plugins compatible for Editor in 0.41 ms, found 1 plugins.
Preloading 0 native plugins for Editor in 0.00 ms.
Unloading 2079 Unused Serialized files (Serialized files now loaded: 0)
System memory in use before: 95.2 MB.
System memory in use after: 95.4 MB.

Unloading 19 unused Assets to reduce memory usage. Loaded Objects now: 2581.
Total: 2.116100 ms (FindLiveObjects: 0.241200 ms CreateObjectMapping: 0.093800 ms MarkObjects: 1.657100 ms  DeleteObjects: 0.101300 ms)

========================================================================
Received Prepare
Registering precompiled user dll's ...
Registered in 0.005589 seconds.
Begin MonoManager ReloadAssembly
Native extension for WindowsStandalone target not found
Native extension for OSXStandalone target not found
Refreshing native plugins compatible for Editor in 0.43 ms, found 1 plugins.
Preloading 0 native plugins for Editor in 0.00 ms.
Mono: successfully reloaded assembly
- Completed reload, in  0.929 seconds
Platform modules already initialized, skipping
Refreshing native plugins compatible for Editor in 0.40 ms, found 1 plugins.
Preloading 0 native plugins for Editor in 0.00 ms.
Unloading 2079 Unused Serialized files (Serialized files now loaded: 0)
System memory in use before: 95.2 MB.
System memory in use after: 95.4 MB.

Unloading 19 unused Assets to reduce memory usage. Loaded Objects now: 2585.
Total: 2.009700 ms (FindLiveObjects: 0.165200 ms CreateObjectMapping: 0.117600 ms MarkObjects: 1.690200 ms  DeleteObjects: 0.035900 ms)

========================================================================
Received Prepare
Registering precompiled user dll's ...
Registered in 0.005302 seconds.
Begin MonoManager ReloadAssembly
Native extension for WindowsStandalone target not found
Native extension for OSXStandalone target not found
Refreshing native plugins compatible for Editor in 0.42 ms, found 1 plugins.
Preloading 0 native plugins for Editor in 0.00 ms.
Mono: successfully reloaded assembly
- Completed reload, in  0.893 seconds
Platform modules already initialized, skipping
Refreshing native plugins compatible for Editor in 0.40 ms, found 1 plugins.
Preloading 0 native plugins for Editor in 0.00 ms.
Unloading 2079 Unused Serialized files (Serialized files now loaded: 0)
System memory in use before: 95.2 MB.
System memory in use after: 95.4 MB.

Unloading 19 unused Assets to reduce memory usage. Loaded Objects now: 2589.
Total: 1.916700 ms (FindLiveObjects: 0.203200 ms CreateObjectMapping: 0.079500 ms MarkObjects: 1.592300 ms  DeleteObjects: 0.040900 ms)

========================================================================
Received Prepare
Registering precompiled user dll's ...
Registered in 0.005710 seconds.
Begin MonoManager ReloadAssembly
Native extension for WindowsStandalone target not found
Native extension for OSXStandalone target not found
Refreshing native plugins compatible for Editor in 0.45 ms, found 1 plugins.
Preloading 0 native plugins for Editor in 0.00 ms.
Mono: successfully reloaded assembly
- Completed reload, in  0.968 seconds
Platform modules already initialized, skipping
Refreshing native plugins compatible for Editor in 0.44 ms, found 1 plugins.
Preloading 0 native plugins for Editor in 0.00 ms.
Unloading 2079 Unused Serialized files (Serialized files now loaded: 0)
System memory in use before: 95.3 MB.
System memory in use after: 95.4 MB.

Unloading 19 unused Assets to reduce memory usage. Loaded Objects now: 2593.
Total: 2.224000 ms (FindLiveObjects: 0.220400 ms CreateObjectMapping: 0.096600 ms MarkObjects: 1.869200 ms  DeleteObjects: 0.037000 ms)

========================================================================
Received Prepare
Registering precompiled user dll's ...
Registered in 0.005237 seconds.
Begin MonoManager ReloadAssembly
Native extension for WindowsStandalone target not found
Native extension for OSXStandalone target not found
Refreshing native plugins compatible for Editor in 0.41 ms, found 1 plugins.
Preloading 0 native plugins for Editor in 0.00 ms.
Mono: successfully reloaded assembly
- Completed reload, in  0.905 seconds
Platform modules already initialized, skipping
Refreshing native plugins compatible for Editor in 0.42 ms, found 1 plugins.
Preloading 0 native plugins for Editor in 0.00 ms.
Unloading 2079 Unused Serialized files (Serialized files now loaded: 0)
System memory in use before: 95.3 MB.
System memory in use after: 95.4 MB.

Unloading 19 unused Assets to reduce memory usage. Loaded Objects now: 2597.
Total: 2.644900 ms (FindLiveObjects: 0.284200 ms CreateObjectMapping: 0.119800 ms MarkObjects: 2.219000 ms  DeleteObjects: 0.020500 ms)

========================================================================
Received Prepare
Registering precompiled user dll's ...
Registered in 0.005717 seconds.
Begin MonoManager ReloadAssembly
Native extension for WindowsStandalone target not found
Native extension for OSXStandalone target not found
Refreshing native plugins compatible for Editor in 0.50 ms, found 1 plugins.
Preloading 0 native plugins for Editor in 0.00 ms.
Mono: successfully reloaded assembly
- Completed reload, in  1.075 seconds
Platform modules already initialized, skipping
Refreshing native plugins compatible for Editor in 0.43 ms, found 1 plugins.
Preloading 0 native plugins for Editor in 0.00 ms.
Unloading 2079 Unused Serialized files (Serialized files now loaded: 0)
System memory in use before: 95.3 MB.
System memory in use after: 95.4 MB.

Unloading 19 unused Assets to reduce memory usage. Loaded Objects now: 2601.
Total: 3.227000 ms (FindLiveObjects: 0.345400 ms CreateObjectMapping: 0.129200 ms MarkObjects: 2.643600 ms  DeleteObjects: 0.107600 ms)

========================================================================
Received Prepare
Registering precompiled user dll's ...
Registered in 0.004984 seconds.
Begin MonoManager ReloadAssembly
Native extension for WindowsStandalone target not found
Native extension for OSXStandalone target not found
Refreshing native plugins compatible for Editor in 0.42 ms, found 1 plugins.
Preloading 0 native plugins for Editor in 0.00 ms.
Mono: successfully reloaded assembly
- Completed reload, in  0.922 seconds
Platform modules already initialized, skipping
Refreshing native plugins compatible for Editor in 0.43 ms, found 1 plugins.
Preloading 0 native plugins for Editor in 0.00 ms.
Unloading 2079 Unused Serialized files (Serialized files now loaded: 0)
System memory in use before: 95.3 MB.
System memory in use after: 95.4 MB.

Unloading 19 unused Assets to reduce memory usage. Loaded Objects now: 2605.
Total: 2.135900 ms (FindLiveObjects: 0.190900 ms CreateObjectMapping: 0.076200 ms MarkObjects: 1.761500 ms  DeleteObjects: 0.106100 ms)

========================================================================
Received Prepare
Registering precompiled user dll's ...
Registered in 0.005813 seconds.
Begin MonoManager ReloadAssembly
Native extension for WindowsStandalone target not found
Native extension for OSXStandalone target not found
Refreshing native plugins compatible for Editor in 0.43 ms, found 1 plugins.
Preloading 0 native plugins for Editor in 0.00 ms.
Mono: successfully reloaded assembly
- Completed reload, in  0.930 seconds
Platform modules already initialized, skipping
Refreshing native plugins compatible for Editor in 0.42 ms, found 1 plugins.
Preloading 0 native plugins for Editor in 0.00 ms.
Unloading 2079 Unused Serialized files (Serialized files now loaded: 0)
System memory in use before: 95.3 MB.
System memory in use after: 95.4 MB.

Unloading 19 unused Assets to reduce memory usage. Loaded Objects now: 2609.
Total: 2.191600 ms (FindLiveObjects: 0.221700 ms CreateObjectMapping: 0.076500 ms MarkObjects: 1.802500 ms  DeleteObjects: 0.090300 ms)

========================================================================
Received Prepare
Registering precompiled user dll's ...
Registered in 0.005172 seconds.
Begin MonoManager ReloadAssembly
Native extension for WindowsStandalone target not found
Native extension for OSXStandalone target not found
Refreshing native plugins compatible for Editor in 0.50 ms, found 1 plugins.
Preloading 0 native plugins for Editor in 0.00 ms.
Mono: successfully reloaded assembly
- Completed reload, in  0.919 seconds
Platform modules already initialized, skipping
Refreshing native plugins compatible for Editor in 0.44 ms, found 1 plugins.
Preloading 0 native plugins for Editor in 0.00 ms.
Unloading 2079 Unused Serialized files (Serialized files now loaded: 0)
System memory in use before: 95.3 MB.
System memory in use after: 95.4 MB.

Unloading 19 unused Assets to reduce memory usage. Loaded Objects now: 2613.
Total: 1.968200 ms (FindLiveObjects: 0.236800 ms CreateObjectMapping: 0.103000 ms MarkObjects: 1.587800 ms  DeleteObjects: 0.039900 ms)

========================================================================
Received Prepare
Registering precompiled user dll's ...
Registered in 0.005637 seconds.
Begin MonoManager ReloadAssembly
Native extension for WindowsStandalone target not found
Native extension for OSXStandalone target not found
Refreshing native plugins compatible for Editor in 0.56 ms, found 1 plugins.
Preloading 0 native plugins for Editor in 0.00 ms.
Mono: successfully reloaded assembly
- Completed reload, in  0.917 seconds
Platform modules already initialized, skipping
Refreshing native plugins compatible for Editor in 0.51 ms, found 1 plugins.
Preloading 0 native plugins for Editor in 0.00 ms.
Unloading 2079 Unused Serialized files (Serialized files now loaded: 0)
System memory in use before: 95.3 MB.
System memory in use after: 95.4 MB.

Unloading 19 unused Assets to reduce memory usage. Loaded Objects now: 2617.
Total: 2.182700 ms (FindLiveObjects: 0.194500 ms CreateObjectMapping: 0.066200 ms MarkObjects: 1.905000 ms  DeleteObjects: 0.015800 ms)

========================================================================
Received Prepare
Registering precompiled user dll's ...
Registered in 0.005755 seconds.
Begin MonoManager ReloadAssembly
Native extension for WindowsStandalone target not found
Native extension for OSXStandalone target not found
Refreshing native plugins compatible for Editor in 0.49 ms, found 1 plugins.
Preloading 0 native plugins for Editor in 0.00 ms.
Mono: successfully reloaded assembly
- Completed reload, in  0.969 seconds
Platform modules already initialized, skipping
Refreshing native plugins compatible for Editor in 0.42 ms, found 1 plugins.
Preloading 0 native plugins for Editor in 0.00 ms.
Unloading 2079 Unused Serialized files (Serialized files now loaded: 0)
System memory in use before: 95.3 MB.
System memory in use after: 95.4 MB.

Unloading 19 unused Assets to reduce memory usage. Loaded Objects now: 2621.
Total: 1.947300 ms (FindLiveObjects: 0.198300 ms CreateObjectMapping: 0.084900 ms MarkObjects: 1.644200 ms  DeleteObjects: 0.019100 ms)

========================================================================
Received Prepare
Registering precompiled user dll's ...
Registered in 0.006082 seconds.
Begin MonoManager ReloadAssembly
Native extension for WindowsStandalone target not found
Native extension for OSXStandalone target not found
Refreshing native plugins compatible for Editor in 0.51 ms, found 1 plugins.
Preloading 0 native plugins for Editor in 0.00 ms.
Mono: successfully reloaded assembly
- Completed reload, in  0.930 seconds
Platform modules already initialized, skipping
Refreshing native plugins compatible for Editor in 0.41 ms, found 1 plugins.
Preloading 0 native plugins for Editor in 0.00 ms.
Unloading 2079 Unused Serialized files (Serialized files now loaded: 0)
System memory in use before: 95.3 MB.
System memory in use after: 95.4 MB.

Unloading 19 unused Assets to reduce memory usage. Loaded Objects now: 2625.
Total: 2.090000 ms (FindLiveObjects: 0.238300 ms CreateObjectMapping: 0.083700 ms MarkObjects: 1.750500 ms  DeleteObjects: 0.016900 ms)

========================================================================
Received Prepare
Registering precompiled user dll's ...
Registered in 0.005437 seconds.
Begin MonoManager ReloadAssembly
Native extension for WindowsStandalone target not found
Native extension for OSXStandalone target not found
Refreshing native plugins compatible for Editor in 0.45 ms, found 1 plugins.
Preloading 0 native plugins for Editor in 0.00 ms.
Mono: successfully reloaded assembly
- Completed reload, in  0.927 seconds
Platform modules already initialized, skipping
Refreshing native plugins compatible for Editor in 0.47 ms, found 1 plugins.
Preloading 0 native plugins for Editor in 0.00 ms.
Unloading 2079 Unused Serialized files (Serialized files now loaded: 0)
System memory in use before: 95.3 MB.
System memory in use after: 95.5 MB.

Unloading 19 unused Assets to reduce memory usage. Loaded Objects now: 2629.
Total: 2.127400 ms (FindLiveObjects: 0.228400 ms CreateObjectMapping: 0.103600 ms MarkObjects: 1.771900 ms  DeleteObjects: 0.022300 ms)

========================================================================
Received Prepare
Registering precompiled user dll's ...
Registered in 0.005528 seconds.
Begin MonoManager ReloadAssembly
Native extension for WindowsStandalone target not found
Native extension for OSXStandalone target not found
Refreshing native plugins compatible for Editor in 0.57 ms, found 1 plugins.
Preloading 0 native plugins for Editor in 0.00 ms.
Mono: successfully reloaded assembly
- Completed reload, in  0.927 seconds
Platform modules already initialized, skipping
Refreshing native plugins compatible for Editor in 0.44 ms, found 1 plugins.
Preloading 0 native plugins for Editor in 0.00 ms.
Unloading 2079 Unused Serialized files (Serialized files now loaded: 0)
System memory in use before: 95.3 MB.
System memory in use after: 95.5 MB.

Unloading 19 unused Assets to reduce memory usage. Loaded Objects now: 2633.
Total: 2.711900 ms (FindLiveObjects: 0.226000 ms CreateObjectMapping: 0.078800 ms MarkObjects: 2.384400 ms  DeleteObjects: 0.022100 ms)

========================================================================
Received Prepare
Registering precompiled user dll's ...
Registered in 0.006251 seconds.
Begin MonoManager ReloadAssembly
Native extension for WindowsStandalone target not found
Native extension for OSXStandalone target not found
Refreshing native plugins compatible for Editor in 0.40 ms, found 1 plugins.
Preloading 0 native plugins for Editor in 0.00 ms.
Mono: successfully reloaded assembly
- Completed reload, in  0.930 seconds
Platform modules already initialized, skipping
Refreshing native plugins compatible for Editor in 0.42 ms, found 1 plugins.
Preloading 0 native plugins for Editor in 0.00 ms.
Unloading 2079 Unused Serialized files (Serialized files now loaded: 0)
System memory in use before: 95.4 MB.
System memory in use after: 95.5 MB.

Unloading 19 unused Assets to reduce memory usage. Loaded Objects now: 2637.
Total: 2.001300 ms (FindLiveObjects: 0.223100 ms CreateObjectMapping: 0.099200 ms MarkObjects: 1.663100 ms  DeleteObjects: 0.015000 ms)

========================================================================
Received Prepare
Registering precompiled user dll's ...
Registered in 0.005688 seconds.
Begin MonoManager ReloadAssembly
Native extension for WindowsStandalone target not found
Native extension for OSXStandalone target not found
Refreshing native plugins compatible for Editor in 0.54 ms, found 1 plugins.
Preloading 0 native plugins for Editor in 0.00 ms.
Mono: successfully reloaded assembly
- Completed reload, in  0.921 seconds
Platform modules already initialized, skipping
Refreshing native plugins compatible for Editor in 0.46 ms, found 1 plugins.
Preloading 0 native plugins for Editor in 0.00 ms.
Unloading 2079 Unused Serialized files (Serialized files now loaded: 0)
System memory in use before: 95.4 MB.
System memory in use after: 95.5 MB.

Unloading 19 unused Assets to reduce memory usage. Loaded Objects now: 2641.
Total: 1.839300 ms (FindLiveObjects: 0.211200 ms CreateObjectMapping: 0.082600 ms MarkObjects: 1.531700 ms  DeleteObjects: 0.013000 ms)

========================================================================
Received Prepare
Registering precompiled user dll's ...
Registered in 0.005708 seconds.
Begin MonoManager ReloadAssembly
Native extension for WindowsStandalone target not found
Native extension for OSXStandalone target not found
Refreshing native plugins compatible for Editor in 0.40 ms, found 1 plugins.
Preloading 0 native plugins for Editor in 0.00 ms.
Mono: successfully reloaded assembly
- Completed reload, in  0.914 seconds
Platform modules already initialized, skipping
Refreshing native plugins compatible for Editor in 0.40 ms, found 1 plugins.
Preloading 0 native plugins for Editor in 0.00 ms.
Unloading 2079 Unused Serialized files (Serialized files now loaded: 0)
System memory in use before: 95.4 MB.
System memory in use after: 95.5 MB.

Unloading 19 unused Assets to reduce memory usage. Loaded Objects now: 2645.
Total: 2.102800 ms (FindLiveObjects: 0.224400 ms CreateObjectMapping: 0.082400 ms MarkObjects: 1.726200 ms  DeleteObjects: 0.068900 ms)

========================================================================
Received Prepare
Registering precompiled user dll's ...
Registered in 0.005514 seconds.
Begin MonoManager ReloadAssembly
Native extension for WindowsStandalone target not found
Native extension for OSXStandalone target not found
Refreshing native plugins compatible for Editor in 0.43 ms, found 1 plugins.
Preloading 0 native plugins for Editor in 0.00 ms.
Mono: successfully reloaded assembly
- Completed reload, in  0.927 seconds
Platform modules already initialized, skipping
Refreshing native plugins compatible for Editor in 0.43 ms, found 1 plugins.
Preloading 0 native plugins for Editor in 0.00 ms.
Unloading 2079 Unused Serialized files (Serialized files now loaded: 0)
System memory in use before: 95.4 MB.
System memory in use after: 95.5 MB.

Unloading 19 unused Assets to reduce memory usage. Loaded Objects now: 2649.
Total: 2.007900 ms (FindLiveObjects: 0.276000 ms CreateObjectMapping: 0.101200 ms MarkObjects: 1.554100 ms  DeleteObjects: 0.075500 ms)

========================================================================
Received Prepare
Registering precompiled user dll's ...
Registered in 0.005833 seconds.
Begin MonoManager ReloadAssembly
Native extension for WindowsStandalone target not found
Native extension for OSXStandalone target not found
Refreshing native plugins compatible for Editor in 0.71 ms, found 1 plugins.
Preloading 0 native plugins for Editor in 0.00 ms.
Mono: successfully reloaded assembly
- Completed reload, in  0.913 seconds
Platform modules already initialized, skipping
Refreshing native plugins compatible for Editor in 0.45 ms, found 1 plugins.
Preloading 0 native plugins for Editor in 0.00 ms.
Unloading 2079 Unused Serialized files (Serialized files now loaded: 0)
System memory in use before: 95.4 MB.
System memory in use after: 95.5 MB.

Unloading 19 unused Assets to reduce memory usage. Loaded Objects now: 2653.
Total: 2.081100 ms (FindLiveObjects: 0.188200 ms CreateObjectMapping: 0.071400 ms MarkObjects: 1.803000 ms  DeleteObjects: 0.017800 ms)

========================================================================
Received Import Request.
  Time since last request: 9674.771718 seconds.
  path: Assets/Scenes/Connect_scene.unity
  artifactKey: Guid(2cda990e2423bbf4892e6590ba056729) Importer(815301076,1909f56bfc062723c751e8b465ee728b)
Start importing Assets/Scenes/Connect_scene.unity using Guid(2cda990e2423bbf4892e6590ba056729) Importer(815301076,1909f56bfc062723c751e8b465ee728b)  -> (artifact id: 'e6c6da81a873ed8f97d7977397f5c139') in 0.014378 seconds
  Import took 0.017780 seconds .

========================================================================
Received Import Request.
  Time since last request: 28.192823 seconds.
  path: Assets/Scenes/Control_scene.unity
  artifactKey: Guid(ab71a868e268de6459e6a91a1a15195f) Importer(815301076,1909f56bfc062723c751e8b465ee728b)
Start importing Assets/Scenes/Control_scene.unity using Guid(ab71a868e268de6459e6a91a1a15195f) Importer(815301076,1909f56bfc062723c751e8b465ee728b)  -> (artifact id: '85b216705d22dc84459bff1500118fe4') in 0.004208 seconds
  Import took 0.007528 seconds .

========================================================================
Received Prepare
Registering precompiled user dll's ...
Registered in 0.005311 seconds.
Begin MonoManager ReloadAssembly
Native extension for WindowsStandalone target not found
Native extension for OSXStandalone target not found
Refreshing native plugins compatible for Editor in 0.49 ms, found 1 plugins.
Preloading 0 native plugins for Editor in 0.00 ms.
Mono: successfully reloaded assembly
- Completed reload, in  0.926 seconds
Platform modules already initialized, skipping
Refreshing native plugins compatible for Editor in 0.42 ms, found 1 plugins.
Preloading 0 native plugins for Editor in 0.00 ms.
Unloading 2079 Unused Serialized files (Serialized files now loaded: 0)
System memory in use before: 95.4 MB.
System memory in use after: 95.5 MB.

Unloading 19 unused Assets to reduce memory usage. Loaded Objects now: 2657.
Total: 1.973800 ms (FindLiveObjects: 0.231900 ms CreateObjectMapping: 0.091700 ms MarkObjects: 1.634900 ms  DeleteObjects: 0.014300 ms)

AssetImportWorkerClient::OnTransportError - code=2 error=End of file
