Using pre-set license
Built from '2020.3/china_unity/release' branch; Version is '2020.3.5f1c1 (548653c6c3de) revision 5539411'; Using compiler version '192528614'; Build Type 'Release'
OS: 'Windows 10 Home China; OS build 19042.1110; Version 2009; 64bit' Language: 'zh' Physical Memory: 16146 MB
BatchMode: 1, IsHumanControllingUs: 0, StartBugReporterOnCrash: 0, Is64bit: 1, IsPro: 0

 COMMAND LINE ARGUMENTS:
D:\2020.3.5f1c1\Editor\Unity.exe
-adb2
-batchMode
-noUpm
-name
AssetImportWorker0
-projectPath
D:/Github_personal_file/arduino_bluetooth_app/Arduino_Bluetooth_Demo1
-logFile
Logs/AssetImportWorker0.log
-srvPort
63861
Successfully changed project path to: D:/Github_personal_file/arduino_bluetooth_app/Arduino_Bluetooth_Demo1
D:/Github_personal_file/arduino_bluetooth_app/Arduino_Bluetooth_Demo1
Using Asset Import Pipeline V2.
Refreshing native plugins compatible for Editor in 41.32 ms, found 1 plugins.
Preloading 0 native plugins for Editor in 0.00 ms.
Initialize engine version: 2020.3.5f1c1 (548653c6c3de)
[Subsystems] Discovering subsystems at path D:/2020.3.5f1c1/Editor/Data/Resources/UnitySubsystems
[Subsystems] Discovering subsystems at path D:/Github_personal_file/arduino_bluetooth_app/Arduino_Bluetooth_Demo1/Assets
GfxDevice: creating device client; threaded=0
Direct3D:
    Version:  Direct3D 11.0 [level 11.1]
    Renderer: NVIDIA GeForce RTX 3070 Laptop GPU (ID=0x24dd)
    Vendor:   
    VRAM:     8044 MB
    Driver:   27.21.14.6642
Initialize mono
Mono path[0] = 'D:/2020.3.5f1c1/Editor/Data/Managed'
Mono path[1] = 'D:/2020.3.5f1c1/Editor/Data/MonoBleedingEdge/lib/mono/unityjit'
Mono config path = 'D:/2020.3.5f1c1/Editor/Data/MonoBleedingEdge/etc'
Using monoOptions --debugger-agent=transport=dt_socket,embedding=1,server=y,suspend=n,address=127.0.0.1:56220
Begin MonoManager ReloadAssembly
Registering precompiled unity dll's ...
Register platform support module: D:/2020.3.5f1c1/Editor/Data/PlaybackEngines/MacStandaloneSupport/UnityEditor.OSXStandalone.Extensions.dll
Register platform support module: D:/2020.3.5f1c1/Editor/Data/PlaybackEngines/WindowsStandaloneSupport/UnityEditor.WindowsStandalone.Extensions.dll
Registered in 0.001443 seconds.
Native extension for WindowsStandalone target not found
Native extension for OSXStandalone target not found
Refreshing native plugins compatible for Editor in 37.27 ms, found 1 plugins.
Preloading 0 native plugins for Editor in 0.00 ms.
Mono: successfully reloaded assembly
- Completed reload, in  2.199 seconds
Platform modules already initialized, skipping
Registering precompiled user dll's ...
Registered in 0.003617 seconds.
Begin MonoManager ReloadAssembly
Native extension for WindowsStandalone target not found
Native extension for OSXStandalone target not found
Refreshing native plugins compatible for Editor in 39.34 ms, found 1 plugins.
Preloading 0 native plugins for Editor in 0.00 ms.
Mono: successfully reloaded assembly
- Completed reload, in  0.914 seconds
Platform modules already initialized, skipping
========================================================================
Worker process is ready to serve import requests
Launched and connected shader compiler UnityShaderCompiler.exe after 0.06 seconds
Refreshing native plugins compatible for Editor in 0.36 ms, found 1 plugins.
Preloading 0 native plugins for Editor in 0.00 ms.
Unloading 1829 Unused Serialized files (Serialized files now loaded: 0)
System memory in use before: 87.8 MB.
System memory in use after: 87.9 MB.

Unloading 25 unused Assets to reduce memory usage. Loaded Objects now: 2273.
Total: 2.741800 ms (FindLiveObjects: 0.190500 ms CreateObjectMapping: 0.078300 ms MarkObjects: 2.397000 ms  DeleteObjects: 0.074800 ms)

========================================================================
Received Import Request.
  path: Assets/BluetoothAPI
  artifactKey: Guid(79eb700c1cef92b43a747e0a1708c5ac) Importer(815301076,1909f56bfc062723c751e8b465ee728b)
Start importing Assets/BluetoothAPI using Guid(79eb700c1cef92b43a747e0a1708c5ac) Importer(815301076,1909f56bfc062723c751e8b465ee728b)  -> (artifact id: '21de811f42fb4cff8e514e0c95d7c5e4') in 0.007143 seconds
  Import took 0.010051 seconds .

========================================================================
Received Prepare
Registering precompiled user dll's ...
Registered in 0.002315 seconds.
Begin MonoManager ReloadAssembly
Native extension for WindowsStandalone target not found
Native extension for OSXStandalone target not found
Refreshing native plugins compatible for Editor in 0.35 ms, found 1 plugins.
Preloading 0 native plugins for Editor in 0.00 ms.
Mono: successfully reloaded assembly
- Completed reload, in  0.794 seconds
Platform modules already initialized, skipping
Refreshing native plugins compatible for Editor in 0.39 ms, found 1 plugins.
Preloading 0 native plugins for Editor in 0.00 ms.
Unloading 1819 Unused Serialized files (Serialized files now loaded: 0)
System memory in use before: 87.3 MB.
System memory in use after: 87.4 MB.

Unloading 13 unused Assets to reduce memory usage. Loaded Objects now: 2277.
Total: 2.560400 ms (FindLiveObjects: 0.219900 ms CreateObjectMapping: 0.093400 ms MarkObjects: 2.226800 ms  DeleteObjects: 0.019300 ms)

========================================================================
Received Import Request.
  Time since last request: 122.825648 seconds.
  path: Assets/model
  artifactKey: Guid(0d381aea1ed5e914cb46a601b08ab555) Importer(815301076,1909f56bfc062723c751e8b465ee728b)
Start importing Assets/model using Guid(0d381aea1ed5e914cb46a601b08ab555) Importer(815301076,1909f56bfc062723c751e8b465ee728b)  -> (artifact id: '5f30fd5871e57a5787fffb0cdfec0a63') in 0.008540 seconds
  Import took 0.011548 seconds .

========================================================================
Received Import Request.
  Time since last request: 0.032565 seconds.
  path: Assets/model/Connect_Panel.prefab
  artifactKey: Guid(a8d91ca6f666c69489c9b7e4b10d343e) Importer(815301076,1909f56bfc062723c751e8b465ee728b)
Start importing Assets/model/Connect_Panel.prefab using Guid(a8d91ca6f666c69489c9b7e4b10d343e) Importer(815301076,1909f56bfc062723c751e8b465ee728b)  -> (artifact id: '6d76bd33625df889cfa7e071af2c7308') in 0.057297 seconds
  Import took 0.060235 seconds .

========================================================================
Received Prepare
Registering precompiled user dll's ...
Registered in 0.002164 seconds.
Begin MonoManager ReloadAssembly
Native extension for WindowsStandalone target not found
Native extension for OSXStandalone target not found
Refreshing native plugins compatible for Editor in 0.34 ms, found 1 plugins.
Preloading 0 native plugins for Editor in 0.00 ms.
Mono: successfully reloaded assembly
- Completed reload, in  0.733 seconds
Platform modules already initialized, skipping
Refreshing native plugins compatible for Editor in 0.32 ms, found 1 plugins.
Preloading 0 native plugins for Editor in 0.00 ms.
Unloading 1822 Unused Serialized files (Serialized files now loaded: 0)
System memory in use before: 87.5 MB.
System memory in use after: 87.6 MB.

Unloading 16 unused Assets to reduce memory usage. Loaded Objects now: 2286.
Total: 1.821100 ms (FindLiveObjects: 0.167700 ms CreateObjectMapping: 0.066600 ms MarkObjects: 1.543000 ms  DeleteObjects: 0.042900 ms)

========================================================================
Received Import Request.
  Time since last request: 106.820109 seconds.
  path: Assets/script
  artifactKey: Guid(3ce5301f06e85764fb56e6f1c58209d4) Importer(815301076,1909f56bfc062723c751e8b465ee728b)
Start importing Assets/script using Guid(3ce5301f06e85764fb56e6f1c58209d4) Importer(815301076,1909f56bfc062723c751e8b465ee728b)  -> (artifact id: '8110c26778446233ce323ec03cea9790') in 0.006778 seconds
  Import took 0.009850 seconds .

========================================================================
Received Import Request.
  Time since last request: 1.348744 seconds.
  path: Assets/script/Bluetooth_Connection.cs
  artifactKey: Guid(e9fc5d11b046fd347944003a385688f5) Importer(815301076,1909f56bfc062723c751e8b465ee728b)
Start importing Assets/script/Bluetooth_Connection.cs using Guid(e9fc5d11b046fd347944003a385688f5) Importer(815301076,1909f56bfc062723c751e8b465ee728b)  -> (artifact id: 'c2afbb4eeb8b85d4dc522f28c219c3a8') in 0.016623 seconds
  Import took 0.019133 seconds .

========================================================================
Received Import Request.
  Time since last request: 101.076369 seconds.
  path: Assets/Scenes
  artifactKey: Guid(aef17d2657799ec4fa8576eae0d014a0) Importer(815301076,1909f56bfc062723c751e8b465ee728b)
Start importing Assets/Scenes using Guid(aef17d2657799ec4fa8576eae0d014a0) Importer(815301076,1909f56bfc062723c751e8b465ee728b)  -> (artifact id: 'bc008a0139471bf255fc7f52ed12a713') in 0.014724 seconds
  Import took 0.017289 seconds .

========================================================================
Received Prepare
Registering precompiled user dll's ...
Registered in 0.002277 seconds.
Begin MonoManager ReloadAssembly
Native extension for WindowsStandalone target not found
Native extension for OSXStandalone target not found
Refreshing native plugins compatible for Editor in 0.44 ms, found 1 plugins.
Preloading 0 native plugins for Editor in 0.00 ms.
Mono: successfully reloaded assembly
- Completed reload, in  0.789 seconds
Platform modules already initialized, skipping
Refreshing native plugins compatible for Editor in 0.73 ms, found 1 plugins.
Preloading 0 native plugins for Editor in 0.00 ms.
Unloading 1822 Unused Serialized files (Serialized files now loaded: 0)
System memory in use before: 87.5 MB.
System memory in use after: 87.6 MB.

Unloading 13 unused Assets to reduce memory usage. Loaded Objects now: 2290.
Total: 2.142600 ms (FindLiveObjects: 0.242100 ms CreateObjectMapping: 0.095400 ms MarkObjects: 1.783500 ms  DeleteObjects: 0.020700 ms)

========================================================================
Received Import Request.
  Time since last request: 105.209222 seconds.
  path: Assets/Scenes/SampleScene.unity
  artifactKey: Guid(2cda990e2423bbf4892e6590ba056729) Importer(815301076,1909f56bfc062723c751e8b465ee728b)
Start importing Assets/Scenes/SampleScene.unity using Guid(2cda990e2423bbf4892e6590ba056729) Importer(815301076,1909f56bfc062723c751e8b465ee728b)  -> (artifact id: '001ed096b7cf202bf138c679cf35a93d') in 0.013560 seconds
  Import took 0.016453 seconds .

========================================================================
Received Import Request.
  Time since last request: 6.852175 seconds.
  path: Assets/Scenes/Connect_scene.unity
  artifactKey: Guid(bf74dbebf199a58429a58f1594153350) Importer(815301076,1909f56bfc062723c751e8b465ee728b)
Start importing Assets/Scenes/Connect_scene.unity using Guid(bf74dbebf199a58429a58f1594153350) Importer(815301076,1909f56bfc062723c751e8b465ee728b)  -> (artifact id: 'fc9ab4a31692141e3d902b6a9ce83ace') in 0.004965 seconds
  Import took 0.007624 seconds .

========================================================================
Received Import Request.
  Time since last request: 3.960079 seconds.
  path: Assets/Scenes/SampleScene.unity
  artifactKey: Guid(2cda990e2423bbf4892e6590ba056729) Importer(815301076,1909f56bfc062723c751e8b465ee728b)
Start importing Assets/Scenes/SampleScene.unity using Guid(2cda990e2423bbf4892e6590ba056729) Importer(815301076,1909f56bfc062723c751e8b465ee728b)  -> (artifact id: '2e43e9150cf33f934249d7b245c3d2ec') in 0.003765 seconds
  Import took 0.006550 seconds .

========================================================================
Received Import Request.
  Time since last request: 71.499307 seconds.
  path: Assets/Scenes/Control_scene.unity
  artifactKey: Guid(ab71a868e268de6459e6a91a1a15195f) Importer(815301076,1909f56bfc062723c751e8b465ee728b)
Start importing Assets/Scenes/Control_scene.unity using Guid(ab71a868e268de6459e6a91a1a15195f) Importer(815301076,1909f56bfc062723c751e8b465ee728b)  -> (artifact id: 'b9bb691974e0dac510357ecf0691ea8f') in 0.004840 seconds
  Import took 0.007378 seconds .

========================================================================
Received Import Request.
  Time since last request: 8.599163 seconds.
  path: Assets/Scenes/Setting_scene.unity
  artifactKey: Guid(68fd8786a10f8ea4ea904196793ecf06) Importer(815301076,1909f56bfc062723c751e8b465ee728b)
Start importing Assets/Scenes/Setting_scene.unity using Guid(68fd8786a10f8ea4ea904196793ecf06) Importer(815301076,1909f56bfc062723c751e8b465ee728b)  -> (artifact id: 'efb3f137b7d124d6062152d8b01d395f') in 0.005118 seconds
  Import took 0.008030 seconds .

========================================================================
Received Prepare
Registering precompiled user dll's ...
Registered in 0.002984 seconds.
Begin MonoManager ReloadAssembly
Native extension for WindowsStandalone target not found
Native extension for OSXStandalone target not found
Refreshing native plugins compatible for Editor in 0.39 ms, found 1 plugins.
Preloading 0 native plugins for Editor in 0.00 ms.
Mono: successfully reloaded assembly
- Completed reload, in  0.800 seconds
Platform modules already initialized, skipping
Refreshing native plugins compatible for Editor in 0.36 ms, found 1 plugins.
Preloading 0 native plugins for Editor in 0.00 ms.
Unloading 1822 Unused Serialized files (Serialized files now loaded: 0)
System memory in use before: 87.5 MB.
System memory in use after: 87.7 MB.

Unloading 13 unused Assets to reduce memory usage. Loaded Objects now: 2294.
Total: 1.682700 ms (FindLiveObjects: 0.164000 ms CreateObjectMapping: 0.059200 ms MarkObjects: 1.444300 ms  DeleteObjects: 0.014200 ms)

========================================================================
Received Prepare
Registering precompiled user dll's ...
Registered in 0.002456 seconds.
Begin MonoManager ReloadAssembly
Native extension for WindowsStandalone target not found
Native extension for OSXStandalone target not found
Refreshing native plugins compatible for Editor in 0.52 ms, found 1 plugins.
Preloading 0 native plugins for Editor in 0.00 ms.
Mono: successfully reloaded assembly
- Completed reload, in  0.914 seconds
Platform modules already initialized, skipping
Refreshing native plugins compatible for Editor in 0.44 ms, found 1 plugins.
Preloading 0 native plugins for Editor in 0.00 ms.
Unloading 1822 Unused Serialized files (Serialized files now loaded: 0)
System memory in use before: 87.6 MB.
System memory in use after: 87.7 MB.

Unloading 13 unused Assets to reduce memory usage. Loaded Objects now: 2298.
Total: 2.757200 ms (FindLiveObjects: 0.365300 ms CreateObjectMapping: 0.138500 ms MarkObjects: 2.228500 ms  DeleteObjects: 0.022800 ms)

========================================================================
Received Import Request.
  Time since last request: 159.570037 seconds.
  path: Assets/script/Bluetooth_control.cs
  artifactKey: Guid(8f75f2740db0f874fbfc50dc7e235dc3) Importer(815301076,1909f56bfc062723c751e8b465ee728b)
Start importing Assets/script/Bluetooth_control.cs using Guid(8f75f2740db0f874fbfc50dc7e235dc3) Importer(815301076,1909f56bfc062723c751e8b465ee728b)  -> (artifact id: 'd68466b1013f5b447273e366655f0f83') in 0.005846 seconds
  Import took 0.008424 seconds .

========================================================================
Received Import Request.
  Time since last request: 0.008154 seconds.
  path: Assets/script/Bluetooth_control.cs
  artifactKey: Guid(8f75f2740db0f874fbfc50dc7e235dc3) Importer(815301076,1909f56bfc062723c751e8b465ee728b)
Start importing Assets/script/Bluetooth_control.cs using Guid(8f75f2740db0f874fbfc50dc7e235dc3) Importer(815301076,1909f56bfc062723c751e8b465ee728b)  -> (artifact id: 'd68466b1013f5b447273e366655f0f83') in 0.003096 seconds
  Import took 0.005552 seconds .

========================================================================
Received Prepare
Registering precompiled user dll's ...
Registered in 0.002467 seconds.
Begin MonoManager ReloadAssembly
Native extension for WindowsStandalone target not found
Native extension for OSXStandalone target not found
Refreshing native plugins compatible for Editor in 0.38 ms, found 1 plugins.
Preloading 0 native plugins for Editor in 0.00 ms.
Mono: successfully reloaded assembly
- Completed reload, in  0.751 seconds
Platform modules already initialized, skipping
Refreshing native plugins compatible for Editor in 0.36 ms, found 1 plugins.
Preloading 0 native plugins for Editor in 0.00 ms.
Unloading 1822 Unused Serialized files (Serialized files now loaded: 0)
System memory in use before: 87.6 MB.
System memory in use after: 87.7 MB.

Unloading 13 unused Assets to reduce memory usage. Loaded Objects now: 2302.
Total: 1.579800 ms (FindLiveObjects: 0.150900 ms CreateObjectMapping: 0.055900 ms MarkObjects: 1.359700 ms  DeleteObjects: 0.012600 ms)

========================================================================
Received Prepare
Registering precompiled user dll's ...
Registered in 0.002312 seconds.
Begin MonoManager ReloadAssembly
Native extension for WindowsStandalone target not found
Native extension for OSXStandalone target not found
Refreshing native plugins compatible for Editor in 0.60 ms, found 1 plugins.
Preloading 0 native plugins for Editor in 0.00 ms.
Mono: successfully reloaded assembly
- Completed reload, in  0.798 seconds
Platform modules already initialized, skipping
Switching build target platform(5) subTarget(0) extendedPlatform(0) -> platform(13) subTarget(537395200) extendedPlatform(0)
Refreshing native plugins compatible for Editor in 0.44 ms, found 1 plugins.
Preloading 0 native plugins for Editor in 0.00 ms.
Unloading 1826 Unused Serialized files (Serialized files now loaded: 0)
System memory in use before: 87.6 MB.
System memory in use after: 87.7 MB.

Unloading 13 unused Assets to reduce memory usage. Loaded Objects now: 2306.
Total: 1.729000 ms (FindLiveObjects: 0.184700 ms CreateObjectMapping: 0.067100 ms MarkObjects: 1.461000 ms  DeleteObjects: 0.015000 ms)

AssetImportParameters requested are different than current active one (requested -> active):
  custom:graphics/normal-map-encoding: 01000000000000000000000000000000 -> 02000000000000000000000000000000
========================================================================
Received Prepare
Refreshing native plugins compatible for Editor in 3.69 ms, found 1 plugins.
Preloading 0 native plugins for Editor in 0.00 ms.
Unloading 11 Unused Serialized files (Serialized files now loaded: 0)
System memory in use before: 51.7 MB.
System memory in use after: 51.8 MB.

Unloading 11 unused Assets to reduce memory usage. Loaded Objects now: 2306.
Total: 3.005000 ms (FindLiveObjects: 0.389800 ms CreateObjectMapping: 0.153300 ms MarkObjects: 2.436100 ms  DeleteObjects: 0.024200 ms)

AssetImportWorkerClient::OnTransportError - code=2 error=End of file
